2022-12-18 10:08:53,449 INFO [restartedMain] org.springframework.boot.StartupInfoLogger: Starting FaircorpApplication using Java 17.0.4.1 on empcarlabhc141 with PID 3644 (C:\Users\adminlocal\Desktop\faircorp\build\classes\java\main started by adminlocal in C:\Users\adminlocal\Desktop\faircorp)
2022-12-18 10:08:53,452 INFO [restartedMain] org.springframework.boot.SpringApplication: No active profile set, falling back to 1 default profile: "default"
2022-12-18 10:08:53,508 INFO [restartedMain] org.springframework.boot.logging.DeferredLog: Devtools property defaults active! Set 'spring.devtools.add-properties' to 'false' to disable
2022-12-18 10:08:53,508 INFO [restartedMain] org.springframework.boot.logging.DeferredLog: For additional web related logging consider setting the 'logging.level.web' property to 'DEBUG'
2022-12-18 10:09:00,045 INFO [restartedMain] org.springframework.data.repository.config.RepositoryConfigurationDelegate: Bootstrapping Spring Data JPA repositories in DEFAULT mode.
2022-12-18 10:09:00,110 INFO [restartedMain] org.springframework.data.repository.config.RepositoryConfigurationDelegate: Finished Spring Data repository scanning in 56 ms. Found 6 JPA repository interfaces.
2022-12-18 10:09:00,408 INFO [restartedMain] org.springframework.context.support.PostProcessorRegistrationDelegate$BeanPostProcessorChecker: Bean 'org.springframework.ws.config.annotation.DelegatingWsConfiguration' of type [org.springframework.ws.config.annotation.DelegatingWsConfiguration$$EnhancerBySpringCGLIB$$2407df15] is not eligible for getting processed by all BeanPostProcessors (for example: not eligible for auto-proxying)
2022-12-18 10:09:00,440 INFO [restartedMain] org.springframework.ws.soap.addressing.server.AbstractAddressingEndpointMapping: Supporting [WS-Addressing August 2004, WS-Addressing 1.0]
2022-12-18 10:09:00,715 INFO [restartedMain] org.springframework.boot.web.embedded.tomcat.TomcatWebServer: Tomcat initialized with port(s): 8080 (http)
2022-12-18 10:09:00,724 INFO [restartedMain] org.apache.juli.logging.DirectJDKLog: Initializing ProtocolHandler ["http-nio-8080"]
2022-12-18 10:09:00,724 INFO [restartedMain] org.apache.juli.logging.DirectJDKLog: Starting service [Tomcat]
2022-12-18 10:09:00,724 INFO [restartedMain] org.apache.juli.logging.DirectJDKLog: Starting Servlet engine: [Apache Tomcat/9.0.65]
2022-12-18 10:09:00,794 INFO [restartedMain] org.apache.juli.logging.DirectJDKLog: Initializing Spring embedded WebApplicationContext
2022-12-18 10:09:00,795 INFO [restartedMain] org.springframework.boot.web.servlet.context.ServletWebServerApplicationContext: Root WebApplicationContext: initialization completed in 7286 ms
2022-12-18 10:09:00,820 INFO [restartedMain] com.zaxxer.hikari.HikariDataSource: HikariPool-1 - Starting...
2022-12-18 10:09:00,993 INFO [restartedMain] com.zaxxer.hikari.HikariDataSource: HikariPool-1 - Start completed.
2022-12-18 10:09:01,003 INFO [restartedMain] org.springframework.boot.autoconfigure.h2.H2ConsoleAutoConfiguration: H2 console available at '/console'. Database available at 'jdbc:h2:mem:faircorp'
2022-12-18 10:09:01,155 INFO [restartedMain] org.hibernate.jpa.internal.util.LogHelper: HHH000204: Processing PersistenceUnitInfo [name: default]
2022-12-18 10:09:01,230 INFO [restartedMain] org.hibernate.Version: HHH000412: Hibernate ORM core version 5.6.10.Final
2022-12-18 10:09:01,391 INFO [restartedMain] org.hibernate.annotations.common.reflection.java.JavaReflectionManager: HCANN000001: Hibernate Commons Annotations {5.1.2.Final}
2022-12-18 10:09:01,516 INFO [restartedMain] org.hibernate.dialect.Dialect: HHH000400: Using dialect: org.hibernate.dialect.H2Dialect
2022-12-18 10:09:02,479 INFO [restartedMain] org.hibernate.engine.transaction.jta.platform.internal.JtaPlatformInitiator: HHH000490: Using JtaPlatform implementation: [org.hibernate.engine.transaction.jta.platform.internal.NoJtaPlatform]
2022-12-18 10:09:02,486 INFO [restartedMain] org.springframework.orm.jpa.AbstractEntityManagerFactoryBean: Initialized JPA EntityManagerFactory for persistence unit 'default'
2022-12-18 10:09:03,078 WARN [restartedMain] org.springframework.boot.autoconfigure.orm.jpa.JpaBaseConfiguration$JpaWebConfiguration: spring.jpa.open-in-view is enabled by default. Therefore, database queries may be performed during view rendering. Explicitly configure spring.jpa.open-in-view to disable this warning
2022-12-18 10:09:03,405 INFO [restartedMain] org.springframework.boot.autoconfigure.web.servlet.WelcomePageHandlerMapping: Adding welcome page: class path resource [static/index.html]
2022-12-18 10:09:03,452 INFO [restartedMain] org.springframework.security.web.DefaultSecurityFilterChain: Will secure any request with [org.springframework.security.web.session.DisableEncodeUrlFilter@28095a62, org.springframework.security.web.context.request.async.WebAsyncManagerIntegrationFilter@3997b706, org.springframework.security.web.context.SecurityContextPersistenceFilter@380aa8f3, org.springframework.security.web.header.HeaderWriterFilter@4e297797, org.springframework.web.filter.CorsFilter@6835fa66, org.springframework.security.web.authentication.logout.LogoutFilter@5b253825, org.springframework.security.web.authentication.www.BasicAuthenticationFilter@32ea0bac, org.springframework.security.web.savedrequest.RequestCacheAwareFilter@648eae66, org.springframework.security.web.servletapi.SecurityContextHolderAwareRequestFilter@4092a81c, org.springframework.security.web.authentication.AnonymousAuthenticationFilter@757a9224, org.springframework.security.web.session.SessionManagementFilter@9a92dc6, org.springframework.security.web.access.ExceptionTranslationFilter@4efcf967, org.springframework.security.web.access.intercept.FilterSecurityInterceptor@5e8afbc0]
2022-12-18 10:09:03,522 INFO [restartedMain] org.springframework.boot.devtools.autoconfigure.OptionalLiveReloadServer: LiveReload server is running on port 35729
2022-12-18 10:09:03,687 INFO [restartedMain] org.apache.juli.logging.DirectJDKLog: Starting ProtocolHandler ["http-nio-8080"]
2022-12-18 10:09:03,705 INFO [restartedMain] org.springframework.boot.web.embedded.tomcat.TomcatWebServer: Tomcat started on port(s): 8080 (http) with context path ''
2022-12-18 10:09:03,991 INFO [restartedMain] org.springframework.boot.StartupInfoLogger: Started FaircorpApplication in 11.158 seconds (JVM running for 13.159)
2022-12-18 10:10:37,757 INFO [SpringApplicationShutdownHook] org.springframework.orm.jpa.AbstractEntityManagerFactoryBean: Closing JPA EntityManagerFactory for persistence unit 'default'
2022-12-18 10:10:37,964 WARN [SpringApplicationShutdownHook] org.springframework.beans.factory.support.DisposableBeanAdapter: Invocation of destroy method failed on bean with name 'inMemoryDatabaseShutdownExecutor': org.h2.jdbc.JdbcSQLNonTransientConnectionException: Database is already closed (to disable automatic closing at VM shutdown, add ";DB_CLOSE_ON_EXIT=FALSE" to the db URL) [90121-214]
2022-12-18 10:10:37,966 INFO [SpringApplicationShutdownHook] com.zaxxer.hikari.HikariDataSource: HikariPool-1 - Shutdown initiated...
2022-12-18 10:10:37,980 INFO [SpringApplicationShutdownHook] com.zaxxer.hikari.HikariDataSource: HikariPool-1 - Shutdown completed.
2022-12-18 10:10:42,094 INFO [restartedMain] org.springframework.boot.StartupInfoLogger: Starting FaircorpApplication using Java 17.0.4.1 on empcarlabhc141 with PID 17136 (C:\Users\adminlocal\Desktop\faircorp\build\classes\java\main started by adminlocal in C:\Users\adminlocal\Desktop\faircorp)
2022-12-18 10:10:42,099 INFO [restartedMain] org.springframework.boot.SpringApplication: No active profile set, falling back to 1 default profile: "default"
2022-12-18 10:10:42,171 INFO [restartedMain] org.springframework.boot.logging.DeferredLog: Devtools property defaults active! Set 'spring.devtools.add-properties' to 'false' to disable
2022-12-18 10:10:42,172 INFO [restartedMain] org.springframework.boot.logging.DeferredLog: For additional web related logging consider setting the 'logging.level.web' property to 'DEBUG'
2022-12-18 10:10:43,314 INFO [restartedMain] org.springframework.data.repository.config.RepositoryConfigurationDelegate: Bootstrapping Spring Data JPA repositories in DEFAULT mode.
2022-12-18 10:10:43,393 INFO [restartedMain] org.springframework.data.repository.config.RepositoryConfigurationDelegate: Finished Spring Data repository scanning in 67 ms. Found 6 JPA repository interfaces.
2022-12-18 10:10:43,832 INFO [restartedMain] org.springframework.context.support.PostProcessorRegistrationDelegate$BeanPostProcessorChecker: Bean 'org.springframework.ws.config.annotation.DelegatingWsConfiguration' of type [org.springframework.ws.config.annotation.DelegatingWsConfiguration$$EnhancerBySpringCGLIB$$f22eb23a] is not eligible for getting processed by all BeanPostProcessors (for example: not eligible for auto-proxying)
2022-12-18 10:10:43,865 INFO [restartedMain] org.springframework.ws.soap.addressing.server.AbstractAddressingEndpointMapping: Supporting [WS-Addressing August 2004, WS-Addressing 1.0]
2022-12-18 10:10:44,241 INFO [restartedMain] org.springframework.boot.web.embedded.tomcat.TomcatWebServer: Tomcat initialized with port(s): 8080 (http)
2022-12-18 10:10:44,258 INFO [restartedMain] org.apache.juli.logging.DirectJDKLog: Initializing ProtocolHandler ["http-nio-8080"]
2022-12-18 10:10:44,258 INFO [restartedMain] org.apache.juli.logging.DirectJDKLog: Starting service [Tomcat]
2022-12-18 10:10:44,259 INFO [restartedMain] org.apache.juli.logging.DirectJDKLog: Starting Servlet engine: [Apache Tomcat/9.0.65]
2022-12-18 10:10:44,365 INFO [restartedMain] org.apache.juli.logging.DirectJDKLog: Initializing Spring embedded WebApplicationContext
2022-12-18 10:10:44,367 INFO [restartedMain] org.springframework.boot.web.servlet.context.ServletWebServerApplicationContext: Root WebApplicationContext: initialization completed in 2194 ms
2022-12-18 10:10:44,411 INFO [restartedMain] com.zaxxer.hikari.HikariDataSource: HikariPool-1 - Starting...
2022-12-18 10:10:44,686 INFO [restartedMain] com.zaxxer.hikari.HikariDataSource: HikariPool-1 - Start completed.
2022-12-18 10:10:44,706 INFO [restartedMain] org.springframework.boot.autoconfigure.h2.H2ConsoleAutoConfiguration: H2 console available at '/console'. Database available at 'jdbc:h2:mem:faircorp'
2022-12-18 10:10:44,931 INFO [restartedMain] org.hibernate.jpa.internal.util.LogHelper: HHH000204: Processing PersistenceUnitInfo [name: default]
2022-12-18 10:10:44,975 INFO [restartedMain] org.hibernate.Version: HHH000412: Hibernate ORM core version 5.6.10.Final
2022-12-18 10:10:45,119 INFO [restartedMain] org.hibernate.annotations.common.reflection.java.JavaReflectionManager: HCANN000001: Hibernate Commons Annotations {5.1.2.Final}
2022-12-18 10:10:45,231 INFO [restartedMain] org.hibernate.dialect.Dialect: HHH000400: Using dialect: org.hibernate.dialect.H2Dialect
2022-12-18 10:10:45,861 INFO [restartedMain] org.hibernate.engine.transaction.jta.platform.internal.JtaPlatformInitiator: HHH000490: Using JtaPlatform implementation: [org.hibernate.engine.transaction.jta.platform.internal.NoJtaPlatform]
2022-12-18 10:10:45,868 INFO [restartedMain] org.springframework.orm.jpa.AbstractEntityManagerFactoryBean: Initialized JPA EntityManagerFactory for persistence unit 'default'
2022-12-18 10:10:46,652 WARN [restartedMain] org.springframework.boot.autoconfigure.orm.jpa.JpaBaseConfiguration$JpaWebConfiguration: spring.jpa.open-in-view is enabled by default. Therefore, database queries may be performed during view rendering. Explicitly configure spring.jpa.open-in-view to disable this warning
2022-12-18 10:10:47,098 INFO [restartedMain] org.springframework.boot.autoconfigure.web.servlet.WelcomePageHandlerMapping: Adding welcome page: class path resource [static/index.html]
2022-12-18 10:10:47,149 INFO [restartedMain] org.springframework.security.web.DefaultSecurityFilterChain: Will secure any request with [org.springframework.security.web.session.DisableEncodeUrlFilter@2bbb1dfa, org.springframework.security.web.context.request.async.WebAsyncManagerIntegrationFilter@23ca26a7, org.springframework.security.web.context.SecurityContextPersistenceFilter@8b9f59d, org.springframework.security.web.header.HeaderWriterFilter@666320bf, org.springframework.web.filter.CorsFilter@3219c775, org.springframework.security.web.authentication.logout.LogoutFilter@28c7d811, org.springframework.security.web.authentication.www.BasicAuthenticationFilter@72160995, org.springframework.security.web.savedrequest.RequestCacheAwareFilter@35ec8369, org.springframework.security.web.servletapi.SecurityContextHolderAwareRequestFilter@66864933, org.springframework.security.web.authentication.AnonymousAuthenticationFilter@26cd1d7d, org.springframework.security.web.session.SessionManagementFilter@66d8a8f5, org.springframework.security.web.access.ExceptionTranslationFilter@36be499b, org.springframework.security.web.access.intercept.FilterSecurityInterceptor@1806a8b3]
2022-12-18 10:10:47,232 INFO [restartedMain] org.springframework.boot.devtools.autoconfigure.OptionalLiveReloadServer: LiveReload server is running on port 35729
2022-12-18 10:10:47,427 INFO [restartedMain] org.apache.juli.logging.DirectJDKLog: Starting ProtocolHandler ["http-nio-8080"]
2022-12-18 10:10:47,449 INFO [restartedMain] org.springframework.boot.web.embedded.tomcat.TomcatWebServer: Tomcat started on port(s): 8080 (http) with context path ''
2022-12-18 10:10:47,811 INFO [restartedMain] org.springframework.boot.StartupInfoLogger: Started FaircorpApplication in 6.237 seconds (JVM running for 7.507)
2022-12-18 10:14:45,022 INFO [SpringApplicationShutdownHook] org.springframework.orm.jpa.AbstractEntityManagerFactoryBean: Closing JPA EntityManagerFactory for persistence unit 'default'
2022-12-18 10:14:45,231 WARN [SpringApplicationShutdownHook] org.springframework.beans.factory.support.DisposableBeanAdapter: Invocation of destroy method failed on bean with name 'inMemoryDatabaseShutdownExecutor': org.h2.jdbc.JdbcSQLNonTransientConnectionException: Database is already closed (to disable automatic closing at VM shutdown, add ";DB_CLOSE_ON_EXIT=FALSE" to the db URL) [90121-214]
2022-12-18 10:14:45,232 INFO [SpringApplicationShutdownHook] com.zaxxer.hikari.HikariDataSource: HikariPool-1 - Shutdown initiated...
2022-12-18 10:14:45,237 INFO [SpringApplicationShutdownHook] com.zaxxer.hikari.HikariDataSource: HikariPool-1 - Shutdown completed.
2022-12-18 10:14:48,540 INFO [restartedMain] org.springframework.boot.StartupInfoLogger: Starting FaircorpApplication using Java 17.0.4.1 on empcarlabhc141 with PID 25320 (C:\Users\adminlocal\Desktop\faircorp\build\classes\java\main started by adminlocal in C:\Users\adminlocal\Desktop\faircorp)
2022-12-18 10:14:48,544 INFO [restartedMain] org.springframework.boot.SpringApplication: No active profile set, falling back to 1 default profile: "default"
2022-12-18 10:14:48,603 INFO [restartedMain] org.springframework.boot.logging.DeferredLog: Devtools property defaults active! Set 'spring.devtools.add-properties' to 'false' to disable
2022-12-18 10:14:48,603 INFO [restartedMain] org.springframework.boot.logging.DeferredLog: For additional web related logging consider setting the 'logging.level.web' property to 'DEBUG'
2022-12-18 10:14:49,804 INFO [restartedMain] org.springframework.data.repository.config.RepositoryConfigurationDelegate: Bootstrapping Spring Data JPA repositories in DEFAULT mode.
2022-12-18 10:14:49,893 INFO [restartedMain] org.springframework.data.repository.config.RepositoryConfigurationDelegate: Finished Spring Data repository scanning in 73 ms. Found 6 JPA repository interfaces.
2022-12-18 10:14:50,299 INFO [restartedMain] org.springframework.context.support.PostProcessorRegistrationDelegate$BeanPostProcessorChecker: Bean 'org.springframework.ws.config.annotation.DelegatingWsConfiguration' of type [org.springframework.ws.config.annotation.DelegatingWsConfiguration$$EnhancerBySpringCGLIB$$f69585c3] is not eligible for getting processed by all BeanPostProcessors (for example: not eligible for auto-proxying)
2022-12-18 10:14:50,331 INFO [restartedMain] org.springframework.ws.soap.addressing.server.AbstractAddressingEndpointMapping: Supporting [WS-Addressing August 2004, WS-Addressing 1.0]
2022-12-18 10:14:50,657 INFO [restartedMain] org.springframework.boot.web.embedded.tomcat.TomcatWebServer: Tomcat initialized with port(s): 8080 (http)
2022-12-18 10:14:50,667 INFO [restartedMain] org.apache.juli.logging.DirectJDKLog: Initializing ProtocolHandler ["http-nio-8080"]
2022-12-18 10:14:50,667 INFO [restartedMain] org.apache.juli.logging.DirectJDKLog: Starting service [Tomcat]
2022-12-18 10:14:50,668 INFO [restartedMain] org.apache.juli.logging.DirectJDKLog: Starting Servlet engine: [Apache Tomcat/9.0.65]
2022-12-18 10:14:50,745 INFO [restartedMain] org.apache.juli.logging.DirectJDKLog: Initializing Spring embedded WebApplicationContext
2022-12-18 10:14:50,745 INFO [restartedMain] org.springframework.boot.web.servlet.context.ServletWebServerApplicationContext: Root WebApplicationContext: initialization completed in 2141 ms
2022-12-18 10:14:50,776 INFO [restartedMain] com.zaxxer.hikari.HikariDataSource: HikariPool-1 - Starting...
2022-12-18 10:14:50,996 INFO [restartedMain] com.zaxxer.hikari.HikariDataSource: HikariPool-1 - Start completed.
2022-12-18 10:14:51,011 INFO [restartedMain] org.springframework.boot.autoconfigure.h2.H2ConsoleAutoConfiguration: H2 console available at '/console'. Database available at 'jdbc:h2:mem:faircorp'
2022-12-18 10:14:51,194 INFO [restartedMain] org.hibernate.jpa.internal.util.LogHelper: HHH000204: Processing PersistenceUnitInfo [name: default]
2022-12-18 10:14:51,256 INFO [restartedMain] org.hibernate.Version: HHH000412: Hibernate ORM core version 5.6.10.Final
2022-12-18 10:14:51,404 INFO [restartedMain] org.hibernate.annotations.common.reflection.java.JavaReflectionManager: HCANN000001: Hibernate Commons Annotations {5.1.2.Final}
2022-12-18 10:14:51,509 INFO [restartedMain] org.hibernate.dialect.Dialect: HHH000400: Using dialect: org.hibernate.dialect.H2Dialect
2022-12-18 10:14:52,113 INFO [restartedMain] org.hibernate.engine.transaction.jta.platform.internal.JtaPlatformInitiator: HHH000490: Using JtaPlatform implementation: [org.hibernate.engine.transaction.jta.platform.internal.NoJtaPlatform]
2022-12-18 10:14:52,120 INFO [restartedMain] org.springframework.orm.jpa.AbstractEntityManagerFactoryBean: Initialized JPA EntityManagerFactory for persistence unit 'default'
2022-12-18 10:14:52,797 WARN [restartedMain] org.springframework.boot.autoconfigure.orm.jpa.JpaBaseConfiguration$JpaWebConfiguration: spring.jpa.open-in-view is enabled by default. Therefore, database queries may be performed during view rendering. Explicitly configure spring.jpa.open-in-view to disable this warning
2022-12-18 10:14:53,160 INFO [restartedMain] org.springframework.boot.autoconfigure.web.servlet.WelcomePageHandlerMapping: Adding welcome page: class path resource [static/index.html]
2022-12-18 10:14:53,209 INFO [restartedMain] org.springframework.security.web.DefaultSecurityFilterChain: Will secure any request with [org.springframework.security.web.session.DisableEncodeUrlFilter@6d9db7df, org.springframework.security.web.context.request.async.WebAsyncManagerIntegrationFilter@3f8e086b, org.springframework.security.web.context.SecurityContextPersistenceFilter@5a2e6b9, org.springframework.security.web.header.HeaderWriterFilter@76d9beb7, org.springframework.web.filter.CorsFilter@6da4db10, org.springframework.security.web.authentication.logout.LogoutFilter@15bbd3d3, org.springframework.security.web.authentication.www.BasicAuthenticationFilter@491de1f, org.springframework.security.web.savedrequest.RequestCacheAwareFilter@5606792, org.springframework.security.web.servletapi.SecurityContextHolderAwareRequestFilter@2f5b49e, org.springframework.security.web.authentication.AnonymousAuthenticationFilter@6fb66ac4, org.springframework.security.web.session.SessionManagementFilter@7ca8b1fa, org.springframework.security.web.access.ExceptionTranslationFilter@e246e09, org.springframework.security.web.access.intercept.FilterSecurityInterceptor@7b748f4a]
2022-12-18 10:14:53,289 INFO [restartedMain] org.springframework.boot.devtools.autoconfigure.OptionalLiveReloadServer: LiveReload server is running on port 35729
2022-12-18 10:14:53,466 INFO [restartedMain] org.apache.juli.logging.DirectJDKLog: Starting ProtocolHandler ["http-nio-8080"]
2022-12-18 10:14:53,485 INFO [restartedMain] org.springframework.boot.web.embedded.tomcat.TomcatWebServer: Tomcat started on port(s): 8080 (http) with context path ''
2022-12-18 10:14:53,830 INFO [restartedMain] org.springframework.boot.StartupInfoLogger: Started FaircorpApplication in 5.694 seconds (JVM running for 6.666)
2022-12-18 10:17:59,493 INFO [SpringApplicationShutdownHook] org.springframework.orm.jpa.AbstractEntityManagerFactoryBean: Closing JPA EntityManagerFactory for persistence unit 'default'
2022-12-18 10:17:59,701 WARN [SpringApplicationShutdownHook] org.springframework.beans.factory.support.DisposableBeanAdapter: Invocation of destroy method failed on bean with name 'inMemoryDatabaseShutdownExecutor': org.h2.jdbc.JdbcSQLNonTransientConnectionException: Database is already closed (to disable automatic closing at VM shutdown, add ";DB_CLOSE_ON_EXIT=FALSE" to the db URL) [90121-214]
2022-12-18 10:17:59,702 INFO [SpringApplicationShutdownHook] com.zaxxer.hikari.HikariDataSource: HikariPool-1 - Shutdown initiated...
2022-12-18 10:17:59,707 INFO [SpringApplicationShutdownHook] com.zaxxer.hikari.HikariDataSource: HikariPool-1 - Shutdown completed.
2022-12-18 10:18:03,059 INFO [restartedMain] org.springframework.boot.StartupInfoLogger: Starting FaircorpApplication using Java 17.0.4.1 on empcarlabhc141 with PID 19344 (C:\Users\adminlocal\Desktop\faircorp\build\classes\java\main started by adminlocal in C:\Users\adminlocal\Desktop\faircorp)
2022-12-18 10:18:03,063 INFO [restartedMain] org.springframework.boot.SpringApplication: No active profile set, falling back to 1 default profile: "default"
2022-12-18 10:18:03,106 INFO [restartedMain] org.springframework.boot.logging.DeferredLog: Devtools property defaults active! Set 'spring.devtools.add-properties' to 'false' to disable
2022-12-18 10:18:03,107 INFO [restartedMain] org.springframework.boot.logging.DeferredLog: For additional web related logging consider setting the 'logging.level.web' property to 'DEBUG'
2022-12-18 10:18:04,174 INFO [restartedMain] org.springframework.data.repository.config.RepositoryConfigurationDelegate: Bootstrapping Spring Data JPA repositories in DEFAULT mode.
2022-12-18 10:18:04,253 INFO [restartedMain] org.springframework.data.repository.config.RepositoryConfigurationDelegate: Finished Spring Data repository scanning in 62 ms. Found 6 JPA repository interfaces.
2022-12-18 10:18:04,651 INFO [restartedMain] org.springframework.context.support.PostProcessorRegistrationDelegate$BeanPostProcessorChecker: Bean 'org.springframework.ws.config.annotation.DelegatingWsConfiguration' of type [org.springframework.ws.config.annotation.DelegatingWsConfiguration$$EnhancerBySpringCGLIB$$6d295b9a] is not eligible for getting processed by all BeanPostProcessors (for example: not eligible for auto-proxying)
2022-12-18 10:18:04,686 INFO [restartedMain] org.springframework.ws.soap.addressing.server.AbstractAddressingEndpointMapping: Supporting [WS-Addressing August 2004, WS-Addressing 1.0]
2022-12-18 10:18:05,024 INFO [restartedMain] org.springframework.boot.web.embedded.tomcat.TomcatWebServer: Tomcat initialized with port(s): 8080 (http)
2022-12-18 10:18:05,036 INFO [restartedMain] org.apache.juli.logging.DirectJDKLog: Initializing ProtocolHandler ["http-nio-8080"]
2022-12-18 10:18:05,037 INFO [restartedMain] org.apache.juli.logging.DirectJDKLog: Starting service [Tomcat]
2022-12-18 10:18:05,037 INFO [restartedMain] org.apache.juli.logging.DirectJDKLog: Starting Servlet engine: [Apache Tomcat/9.0.65]
2022-12-18 10:18:05,118 INFO [restartedMain] org.apache.juli.logging.DirectJDKLog: Initializing Spring embedded WebApplicationContext
2022-12-18 10:18:05,118 INFO [restartedMain] org.springframework.boot.web.servlet.context.ServletWebServerApplicationContext: Root WebApplicationContext: initialization completed in 2010 ms
2022-12-18 10:18:05,155 INFO [restartedMain] com.zaxxer.hikari.HikariDataSource: HikariPool-1 - Starting...
2022-12-18 10:18:05,344 INFO [restartedMain] com.zaxxer.hikari.HikariDataSource: HikariPool-1 - Start completed.
2022-12-18 10:18:05,364 INFO [restartedMain] org.springframework.boot.autoconfigure.h2.H2ConsoleAutoConfiguration: H2 console available at '/console'. Database available at 'jdbc:h2:mem:faircorp'
2022-12-18 10:18:05,533 INFO [restartedMain] org.hibernate.jpa.internal.util.LogHelper: HHH000204: Processing PersistenceUnitInfo [name: default]
2022-12-18 10:18:05,577 INFO [restartedMain] org.hibernate.Version: HHH000412: Hibernate ORM core version 5.6.10.Final
2022-12-18 10:18:05,731 INFO [restartedMain] org.hibernate.annotations.common.reflection.java.JavaReflectionManager: HCANN000001: Hibernate Commons Annotations {5.1.2.Final}
2022-12-18 10:18:05,831 INFO [restartedMain] org.hibernate.dialect.Dialect: HHH000400: Using dialect: org.hibernate.dialect.H2Dialect
2022-12-18 10:18:06,402 INFO [restartedMain] org.hibernate.engine.transaction.jta.platform.internal.JtaPlatformInitiator: HHH000490: Using JtaPlatform implementation: [org.hibernate.engine.transaction.jta.platform.internal.NoJtaPlatform]
2022-12-18 10:18:06,408 INFO [restartedMain] org.springframework.orm.jpa.AbstractEntityManagerFactoryBean: Initialized JPA EntityManagerFactory for persistence unit 'default'
2022-12-18 10:18:07,034 WARN [restartedMain] org.springframework.boot.autoconfigure.orm.jpa.JpaBaseConfiguration$JpaWebConfiguration: spring.jpa.open-in-view is enabled by default. Therefore, database queries may be performed during view rendering. Explicitly configure spring.jpa.open-in-view to disable this warning
2022-12-18 10:18:07,407 INFO [restartedMain] org.springframework.boot.autoconfigure.web.servlet.WelcomePageHandlerMapping: Adding welcome page: class path resource [static/index.html]
2022-12-18 10:18:07,462 INFO [restartedMain] org.springframework.security.web.DefaultSecurityFilterChain: Will secure any request with [org.springframework.security.web.session.DisableEncodeUrlFilter@6174d81, org.springframework.security.web.context.request.async.WebAsyncManagerIntegrationFilter@55563370, org.springframework.security.web.context.SecurityContextPersistenceFilter@7d6b14c5, org.springframework.security.web.header.HeaderWriterFilter@3aac1c27, org.springframework.web.filter.CorsFilter@493f5032, org.springframework.security.web.authentication.logout.LogoutFilter@19e14ac7, org.springframework.security.web.authentication.www.BasicAuthenticationFilter@5a68420d, org.springframework.security.web.savedrequest.RequestCacheAwareFilter@562d3d15, org.springframework.security.web.servletapi.SecurityContextHolderAwareRequestFilter@5c6b523a, org.springframework.security.web.authentication.AnonymousAuthenticationFilter@4f900307, org.springframework.security.web.session.SessionManagementFilter@75fe4622, org.springframework.security.web.access.ExceptionTranslationFilter@22bf8044, org.springframework.security.web.access.intercept.FilterSecurityInterceptor@22623366]
2022-12-18 10:18:07,554 INFO [restartedMain] org.springframework.boot.devtools.autoconfigure.OptionalLiveReloadServer: LiveReload server is running on port 35729
2022-12-18 10:18:07,723 INFO [restartedMain] org.apache.juli.logging.DirectJDKLog: Starting ProtocolHandler ["http-nio-8080"]
2022-12-18 10:18:07,745 INFO [restartedMain] org.springframework.boot.web.embedded.tomcat.TomcatWebServer: Tomcat started on port(s): 8080 (http) with context path ''
2022-12-18 10:18:08,105 INFO [restartedMain] org.springframework.boot.StartupInfoLogger: Started FaircorpApplication in 5.434 seconds (JVM running for 6.447)
2022-12-18 10:19:31,224 INFO [SpringApplicationShutdownHook] org.springframework.orm.jpa.AbstractEntityManagerFactoryBean: Closing JPA EntityManagerFactory for persistence unit 'default'
2022-12-18 10:19:31,433 WARN [SpringApplicationShutdownHook] org.springframework.beans.factory.support.DisposableBeanAdapter: Invocation of destroy method failed on bean with name 'inMemoryDatabaseShutdownExecutor': org.h2.jdbc.JdbcSQLNonTransientConnectionException: Database is already closed (to disable automatic closing at VM shutdown, add ";DB_CLOSE_ON_EXIT=FALSE" to the db URL) [90121-214]
2022-12-18 10:19:31,435 INFO [SpringApplicationShutdownHook] com.zaxxer.hikari.HikariDataSource: HikariPool-1 - Shutdown initiated...
2022-12-18 10:19:31,453 INFO [SpringApplicationShutdownHook] com.zaxxer.hikari.HikariDataSource: HikariPool-1 - Shutdown completed.
